<?xml version="1.0" encoding="UTF-8"?>
<!-- Generated by org.testng.reporters.JUnitReportReporter -->
<testsuite hostname="THBSLAPTOP-452" name="Dashboard.RegisterCustomer" tests="1" failures="0" timestamp="23 Jun 2020 10:41:32 GMT" time="28.543" errors="0">
  <testcase name="familyRegistrationTest" time="28.543" classname="Dashboard.RegisterCustomer"/>
</testsuite> <!-- Dashboard.RegisterCustomer -->
